<?xml version="1.0" encoding="UTF-8"?>
<!-- Generated by org.testng.reporters.JUnitReportReporter -->
<testsuite hostname="LAPTOP-IOFBFF8P" failures="0" tests="1" name="seleniumDemo.HandlingFramesDemo" time="54.252" errors="0" timestamp="12 Mar 2021 07:14:15 GMT" skipped="0">
  <testcase classname="seleniumDemo.HandlingFramesDemo" name="SwitchFrameTestExample" time="54.252"/>
</testsuite> <!-- seleniumDemo.HandlingFramesDemo -->
