<?xml version="1.0" encoding="UTF-8"?>
<!-- Generated by org.testng.reporters.JUnitReportReporter -->
<testsuite hostname="LAPTOP-IOFBFF8P" failures="0" tests="1" name="seleniumDemo.HandlingSingleQuoteInXPath" time="24.558" errors="0" timestamp="24 Apr 2021 16:00:06 GMT" skipped="0">
  <testcase classname="seleniumDemo.HandlingSingleQuoteInXPath" name="ScrollIntoViewTrueArguementTest" time="24.558"/>
</testsuite> <!-- seleniumDemo.HandlingSingleQuoteInXPath -->
