<?xml version="1.0" encoding="UTF-8"?>
<!-- Generated by org.testng.reporters.JUnitReportReporter -->
<testsuite hostname="LAPTOP-IOFBFF8P" failures="0" tests="1" name="seleniumDemo.SendKeysAlternative" time="17.168" errors="0" timestamp="26 Apr 2021 05:58:39 GMT" skipped="0">
  <testcase classname="seleniumDemo.SendKeysAlternative" name="DemoTestExample2" time="17.168"/>
</testsuite> <!-- seleniumDemo.SendKeysAlternative -->
