<?xml version="1.0" encoding="UTF-8"?>
<!-- Generated by org.testng.reporters.JUnitReportReporter -->
<testsuite hostname="LAPTOP-IOFBFF8P" failures="0" tests="2" name="seleniumDemo.SliderAndProgressBarDemo" time="52.654" errors="0" timestamp="13 Mar 2021 09:39:33 GMT" skipped="0">
  <testcase classname="seleniumDemo.SliderAndProgressBarDemo" name="SliderTestExample" time="16.934"/>
  <testcase classname="seleniumDemo.SliderAndProgressBarDemo" name="ProgressBarTestExapmle" time="35.720"/>
</testsuite> <!-- seleniumDemo.SliderAndProgressBarDemo -->
