<?xml version="1.0" encoding="UTF-8"?>
<!-- Generated by org.testng.reporters.JUnitReportReporter -->
<testsuite hostname="LAPTOP-IOFBFF8P" failures="0" tests="1" name="seleniumDemo.ScrollIntoViewDemo" time="30.221" errors="0" timestamp="21 Apr 2021 13:49:29 GMT" skipped="0">
  <testcase classname="seleniumDemo.ScrollIntoViewDemo" name="ScrollIntoViewFalseArguementTest" time="30.221"/>
</testsuite> <!-- seleniumDemo.ScrollIntoViewDemo -->
