<?xml version="1.0" encoding="UTF-8"?>
<!-- Generated by org.testng.reporters.JUnitReportReporter -->
<testsuite hostname="LAPTOP-IOFBFF8P" failures="0" tests="2" name="seleniumDemo.RadiobuttonAndCheckboxDemo" time="47.221" errors="0" timestamp="11 Mar 2021 05:48:28 GMT" skipped="0">
  <testcase classname="seleniumDemo.RadiobuttonAndCheckboxDemo" name="RadioButtonTestExample" time="22.970"/>
  <testcase classname="seleniumDemo.RadiobuttonAndCheckboxDemo" name="CheckboxTestExample" time="24.251"/>
</testsuite> <!-- seleniumDemo.RadiobuttonAndCheckboxDemo -->
