<?xml version="1.0" encoding="UTF-8"?>
<!-- Generated by org.testng.reporters.JUnitReportReporter -->
<testsuite hostname="LAPTOP-IOFBFF8P" failures="0" tests="1" name="seleniumDemo.ScreenshotUsingFileHandler" time="40.913" errors="0" timestamp="20 Apr 2021 06:50:12 GMT" skipped="0">
  <testcase classname="seleniumDemo.ScreenshotUsingFileHandler" name="ScreenshotUsingFileHandlerClassTest" time="40.913"/>
</testsuite> <!-- seleniumDemo.ScreenshotUsingFileHandler -->
