<?xml version="1.0" encoding="UTF-8"?>
<!-- Generated by org.testng.reporters.JUnitReportReporter -->
<testsuite hostname="LAPTOP-IOFBFF8P" failures="0" tests="6" name="seleniumDemo.TestNG_Groups" time="131.550" errors="0" timestamp="23 Mar 2021 08:19:09 GMT" skipped="0">
  <testcase classname="seleniumDemo.TestNG_Groups" name="TestMethod5" time="21.726"/>
  <testcase classname="seleniumDemo.TestNG_Groups" name="TestMethod1" time="22.887"/>
  <testcase classname="seleniumDemo.TestNG_Groups" name="TestMethod6" time="19.431"/>
  <testcase classname="seleniumDemo.TestNG_Groups" name="TestMethod4" time="19.594"/>
  <testcase classname="seleniumDemo.TestNG_Groups" name="TestMethod3" time="26.854"/>
  <testcase classname="seleniumDemo.TestNG_Groups" name="TestMethod2" time="21.058"/>
</testsuite> <!-- seleniumDemo.TestNG_Groups -->
