<?xml version="1.0" encoding="UTF-8"?>
<!-- Generated by org.testng.reporters.JUnitReportReporter -->
<testsuite hostname="LAPTOP-IOFBFF8P" failures="0" tests="1" name="seleniumDemo.CustomBrowserSize" time="26.365" errors="0" timestamp="11 Apr 2021 07:40:16 GMT" skipped="0">
  <testcase classname="seleniumDemo.CustomBrowserSize" name="TestBrowserSizeCustom" time="26.365"/>
</testsuite> <!-- seleniumDemo.CustomBrowserSize -->
