<?xml version="1.0" encoding="UTF-8"?>
<!-- Generated by org.testng.reporters.JUnitReportReporter -->
<testsuite hostname="LAPTOP-IOFBFF8P" failures="0" tests="1" name="seleniumDemo.WebDriverManagerDemo" time="9.044" errors="0" timestamp="25 Apr 2021 07:54:08 GMT" skipped="0">
  <testcase classname="seleniumDemo.WebDriverManagerDemo" name="DemoTest" time="9.044"/>
</testsuite> <!-- seleniumDemo.WebDriverManagerDemo -->
