<?xml version="1.0" encoding="UTF-8"?>
<!-- Generated by org.testng.reporters.JUnitReportReporter -->
<testsuite hostname="LAPTOP-IOFBFF8P" failures="0" tests="1" name="seleniumDemo.TestNG_Priority" time="18.298" errors="0" timestamp="25 Mar 2021 06:59:06 GMT" skipped="0">
  <testcase classname="seleniumDemo.TestNG_Priority" name="TestMethod4" time="18.298"/>
</testsuite> <!-- seleniumDemo.TestNG_Priority -->
