<?xml version="1.0" encoding="UTF-8"?>
<!-- Generated by org.testng.reporters.JUnitReportReporter -->
<testsuite hostname="LAPTOP-IOFBFF8P" failures="0" tests="4" name="seleniumDemo.TestNG_Priority" time="101.198" errors="0" timestamp="22 Mar 2021 06:42:36 GMT" skipped="0">
  <testcase classname="seleniumDemo.TestNG_Priority" name="TestMethod1" time="22.391"/>
  <testcase classname="seleniumDemo.TestNG_Priority" name="TestMethod4" time="24.044"/>
  <testcase classname="seleniumDemo.TestNG_Priority" name="TestMethod2" time="31.275"/>
  <testcase classname="seleniumDemo.TestNG_Priority" name="TestMethod3" time="23.488"/>
</testsuite> <!-- seleniumDemo.TestNG_Priority -->
