<?xml version="1.0" encoding="UTF-8"?>
<!-- Generated by org.testng.reporters.JUnitReportReporter -->
<testsuite hostname="LAPTOP-IOFBFF8P" failures="0" tests="1" name="seleniumDemo.TestNG_Parameter" time="16.388" errors="0" timestamp="24 Mar 2021 07:46:48 GMT" skipped="0">
  <testcase classname="seleniumDemo.TestNG_Parameter" name="AlertMethodTestExample" time="16.388"/>
</testsuite> <!-- seleniumDemo.TestNG_Parameter -->
