<?xml version="1.0" encoding="UTF-8"?>
<!-- Generated by org.testng.reporters.JUnitReportReporter -->
<testsuite hostname="LAPTOP-IOFBFF8P" failures="0" tests="1" name="seleniumDemo.HandlingAccordianAndAutoCompleteDemo" time="24.043" errors="0" timestamp="13 Mar 2021 09:07:17 GMT" skipped="0">
  <testcase classname="seleniumDemo.HandlingAccordianAndAutoCompleteDemo" name="AutoCompleteTestExample" time="24.043"/>
</testsuite> <!-- seleniumDemo.HandlingAccordianAndAutoCompleteDemo -->
