<?xml version="1.0" encoding="UTF-8"?>
<!-- Generated by org.testng.reporters.JUnitReportReporter -->
<testsuite hostname="LAPTOP-IOFBFF8P" failures="0" tests="1" name="seleniumDemo.ActionsClassSendKeysClick" time="33.322" errors="0" timestamp="27 Apr 2021 05:17:06 GMT" skipped="0">
  <testcase classname="seleniumDemo.ActionsClassSendKeysClick" name="ActionSendKeysAndClickDemoTest" time="33.322"/>
</testsuite> <!-- seleniumDemo.ActionsClassSendKeysClick -->
