<?xml version="1.0" encoding="UTF-8"?>
<!-- Generated by org.testng.reporters.JUnitReportReporter -->
<testsuite hostname="LAPTOP-IOFBFF8P" failures="0" tests="1" name="seleniumDemo.DatePickerDemo" time="40.337" errors="0" timestamp="13 Mar 2021 19:37:16 GMT" skipped="0">
  <testcase classname="seleniumDemo.DatePickerDemo" name="DatePickerTestExample" time="40.337"/>
</testsuite> <!-- seleniumDemo.DatePickerDemo -->
