<?xml version="1.0" encoding="UTF-8"?>
<!-- Generated by org.testng.reporters.JUnitReportReporter -->
<testsuite hostname="LAPTOP-IOFBFF8P" failures="0" tests="1" name="seleniumDemo.TakeScreenshotImage" time="10.392" errors="0" timestamp="30 Mar 2021 06:52:59 GMT" skipped="0">
  <testcase classname="seleniumDemo.TakeScreenshotImage" name="ScreenshotTestMethod" time="10.392"/>
</testsuite> <!-- seleniumDemo.TakeScreenshotImage -->
