<?xml version="1.0" encoding="UTF-8"?>
<!-- Generated by org.testng.reporters.JUnitReportReporter -->
<testsuite hostname="LAPTOP-IOFBFF8P" failures="0" tests="1" name="seleniumDemo.ToolTipHoverDemo" time="36.013" errors="0" timestamp="13 Mar 2021 10:12:48 GMT" skipped="0">
  <testcase classname="seleniumDemo.ToolTipHoverDemo" name="HoveringOverToolTipTestExample" time="36.013"/>
</testsuite> <!-- seleniumDemo.ToolTipHoverDemo -->
