<?xml version="1.0" encoding="UTF-8"?>
<!-- Generated by org.testng.reporters.JUnitReportReporter -->
<testsuite hostname="LAPTOP-IOFBFF8P" failures="0" tests="1" name="seleniumDemo.PerfromingActionsDemo" time="21.985" errors="0" timestamp="24 Apr 2021 15:20:02 GMT" skipped="0">
  <testcase classname="seleniumDemo.PerfromingActionsDemo" name="testUsingPF" time="21.985"/>
</testsuite> <!-- seleniumDemo.PerfromingActionsDemo -->
