<?xml version="1.0" encoding="UTF-8"?>
<!-- Generated by org.testng.reporters.JUnitReportReporter -->
<testsuite hostname="LAPTOP-IOFBFF8P" failures="0" tests="1" name="seleniumDemo.AShotAPIDemo" time="35.251" errors="0" timestamp="05 Apr 2021 08:01:54 GMT" skipped="0">
  <testcase classname="seleniumDemo.AShotAPIDemo" name="AShotAPIDmeoFullScreenshot" time="35.251"/>
</testsuite> <!-- seleniumDemo.AShotAPIDemo -->
