<?xml version="1.0" encoding="UTF-8"?>
<!-- Generated by org.testng.reporters.JUnitReportReporter -->
<testsuite hostname="LAPTOP-IOFBFF8P" failures="0" tests="1" name="seleniumDemo.SwitchTabsAndWindowsDemo" time="31.511" errors="0" timestamp="11 Mar 2021 17:39:56 GMT" skipped="0">
  <testcase classname="seleniumDemo.SwitchTabsAndWindowsDemo" name="SwitchToMessageWindowTestExample" time="31.511"/>
</testsuite> <!-- seleniumDemo.SwitchTabsAndWindowsDemo -->
