<?xml version="1.0" encoding="UTF-8"?>
<!-- Generated by org.testng.reporters.JUnitReportReporter -->
<testsuite hostname="LAPTOP-IOFBFF8P" failures="0" tests="1" name="seleniumDemo.TestNG_Groups" time="14.749" errors="0" timestamp="25 Mar 2021 06:59:06 GMT" skipped="0">
  <testcase classname="seleniumDemo.TestNG_Groups" name="TestMethod5" time="14.749"/>
</testsuite> <!-- seleniumDemo.TestNG_Groups -->
