<?xml version="1.0" encoding="UTF-8"?>
<!-- Generated by org.testng.reporters.JUnitReportReporter -->
<testsuite hostname="LAPTOP-IOFBFF8P" failures="0" tests="2" name="seleniumDemo.SeleniumMinimizeBrowserDemo" time="29.905" errors="0" timestamp="01 May 2021 17:28:32 GMT" skipped="1">
  <testcase classname="seleniumDemo.SeleniumMinimizeBrowserDemo" name="MinimizeBrowserUsingRobotClass" time="29.905"/>
  <testcase classname="seleniumDemo.SeleniumMinimizeBrowserDemo" name="MinimizeBrowserUsingPointClass">
    <skipped/>
  </testcase> <!-- MinimizeBrowserUsingPointClass -->
</testsuite> <!-- seleniumDemo.SeleniumMinimizeBrowserDemo -->
