<?xml version="1.0" encoding="UTF-8"?>
<!-- Generated by org.testng.reporters.JUnitReportReporter -->
<testsuite hostname="LAPTOP-IOFBFF8P" failures="0" tests="1" name="seleniumDemo.AlertMethodDemo" time="24.878" errors="0" timestamp="11 Mar 2021 18:42:05 GMT" skipped="0">
  <testcase classname="seleniumDemo.AlertMethodDemo" name="AlertMethodTestExample" time="24.878"/>
</testsuite> <!-- seleniumDemo.AlertMethodDemo -->
