<?xml version="1.0" encoding="UTF-8"?>
<!-- Generated by org.testng.reporters.JUnitReportReporter -->
<testsuite hostname="LAPTOP-IOFBFF8P" failures="0" tests="1" name="seleniumDemo.TestNG_Priority" time="28.049" errors="0" timestamp="23 Mar 2021 08:19:09 GMT" skipped="0">
  <testcase classname="seleniumDemo.TestNG_Priority" name="TestMethod4" time="28.049"/>
</testsuite> <!-- seleniumDemo.TestNG_Priority -->
