<?xml version="1.0" encoding="UTF-8"?>
<!-- Generated by org.testng.reporters.JUnitReportReporter -->
<testsuite hostname="LAPTOP-IOFBFF8P" failures="0" tests="2" name="seleniumDemo.ModalDialogBoxDemo" time="60.618" errors="0" timestamp="11 Mar 2021 17:59:02 GMT" skipped="0">
  <testcase classname="seleniumDemo.ModalDialogBoxDemo" name="ModalDialogCloseButtonTestExample" time="33.870"/>
  <testcase classname="seleniumDemo.ModalDialogBoxDemo" name="ModalDialogXButtonTestExample" time="26.748"/>
</testsuite> <!-- seleniumDemo.ModalDialogBoxDemo -->
