<?xml version="1.0" encoding="UTF-8"?>
<!-- Generated by org.testng.reporters.JUnitReportReporter -->
<testsuite hostname="LAPTOP-IOFBFF8P" failures="0" tests="1" name="seleniumDemo.PageLoadTimeOutDemo" time="14.790" errors="0" timestamp="14 Apr 2021 06:46:11 GMT" skipped="0">
  <testcase classname="seleniumDemo.PageLoadTimeOutDemo" name="PageLoadTimeOutDemoTest" time="14.790"/>
</testsuite> <!-- seleniumDemo.PageLoadTimeOutDemo -->
