<?xml version="1.0" encoding="UTF-8"?>
<!-- Generated by org.testng.reporters.JUnitReportReporter -->
<testsuite hostname="LAPTOP-IOFBFF8P" failures="0" tests="1" name="seleniumDemo.DisableBrowserNotifications" time="20.171" errors="0" timestamp="18 Apr 2021 07:48:49 GMT" skipped="0">
  <testcase classname="seleniumDemo.DisableBrowserNotifications" name="TestBrowserNotificatin" time="20.171"/>
</testsuite> <!-- seleniumDemo.DisableBrowserNotifications -->
