<?xml version="1.0" encoding="UTF-8"?>
<!-- Generated by org.testng.reporters.JUnitReportReporter -->
<testsuite hostname="LAPTOP-IOFBFF8P" failures="0" tests="3" name="seleniumDemo.ScrollIntoViewDemo" time="35.833" errors="0" timestamp="22 Apr 2021 06:36:55 GMT" skipped="2">
  <testcase classname="seleniumDemo.ScrollIntoViewDemo" name="ScrollIntoViewMiddleTest" time="35.833"/>
  <testcase classname="seleniumDemo.ScrollIntoViewDemo" name="ScrollIntoViewFalseArguementTest">
    <skipped/>
  </testcase> <!-- ScrollIntoViewFalseArguementTest -->
  <testcase classname="seleniumDemo.ScrollIntoViewDemo" name="ScrollIntoViewTrueArguementTest">
    <skipped/>
  </testcase> <!-- ScrollIntoViewTrueArguementTest -->
</testsuite> <!-- seleniumDemo.ScrollIntoViewDemo -->
