<?xml version="1.0" encoding="UTF-8"?>
<!-- Generated by org.testng.reporters.JUnitReportReporter -->
<testsuite hostname="LAPTOP-IOFBFF8P" failures="0" tests="1" name="seleniumDemo.RemoveAutomationPopup" time="41.347" errors="0" timestamp="03 Apr 2021 08:40:10 GMT" skipped="0">
  <testcase classname="seleniumDemo.RemoveAutomationPopup" name="TestMethod1" time="41.347"/>
</testsuite> <!-- seleniumDemo.RemoveAutomationPopup -->
